2018-03-13 20:18:39,101 WARN  [localhost-startStop-1][com.informatica.componentfw.ComponentFramework] [COMPONENT_0005] Failed to load component 'PortalsProvider'.
org.springframework.beans.factory.NoSuchBeanDefinitionException: No bean named 'PortalsProvider' is defined
	at org.springframework.beans.factory.support.DefaultListableBeanFactory.getBeanDefinition(DefaultListableBeanFactory.java:698)
	at org.springframework.beans.factory.support.AbstractBeanFactory.getMergedLocalBeanDefinition(AbstractBeanFactory.java:1175)
	at org.springframework.beans.factory.support.AbstractBeanFactory.doGetBean(AbstractBeanFactory.java:284)
	at org.springframework.beans.factory.support.AbstractBeanFactory.getBean(AbstractBeanFactory.java:197)
	at org.springframework.context.support.AbstractApplicationContext.getBean(AbstractApplicationContext.java:1054)
	at com.informatica.componentfw.ComponentFramework.getComponent(ComponentFramework.java:174)
	at com.informatica.project.repository.client.impl.ProjectRepoSessionFactoryImpl.<clinit>(ProjectRepoSessionFactoryImpl.java:171)
	at com.informatica.project.repository.deployer.embedded.EmbeddedConnectionFactory.connect(EmbeddedConnectionFactory.java:247)
	at com.informatica.isp.domainrepositoryservice.impl.PRSDomainRepositoryServiceImpl.initImpl(PRSDomainRepositoryServiceImpl.java:208)
	at com.informatica.isp.domainrepositoryservice.impl.PRSDomainRepositoryServiceImpl.init(PRSDomainRepositoryServiceImpl.java:539)
	at com.informatica.isp.tools.ispstarter.JSFStarter.init(JSFStarter.java:196)
	at com.informatica.isp.tools.ispwebstarter.ISPWebStarterServlet.init(ISPWebStarterServlet.java:24)
	at javax.servlet.GenericServlet.init(GenericServlet.java:158)
	at org.apache.catalina.core.StandardWrapper.initServlet(StandardWrapper.java:1269)
	at org.apache.catalina.core.StandardWrapper.loadServlet(StandardWrapper.java:1182)
	at org.apache.catalina.core.StandardWrapper.load(StandardWrapper.java:1072)
	at org.apache.catalina.core.StandardContext.loadOnStartup(StandardContext.java:5368)
	at org.apache.catalina.core.StandardContext.startInternal(StandardContext.java:5660)
	at org.apache.catalina.util.LifecycleBase.start(LifecycleBase.java:145)
	at org.apache.catalina.core.ContainerBase.addChildInternal(ContainerBase.java:899)
	at org.apache.catalina.core.ContainerBase.addChild(ContainerBase.java:875)
	at org.apache.catalina.core.StandardHost.addChild(StandardHost.java:652)
	at org.apache.catalina.startup.HostConfig.deployWAR(HostConfig.java:1092)
	at org.apache.catalina.startup.HostConfig$DeployWar.run(HostConfig.java:1984)
	at java.util.concurrent.Executors$RunnableAdapter.call(Executors.java:511)
	at java.util.concurrent.FutureTask.run(FutureTask.java:266)
	at java.util.concurrent.ThreadPoolExecutor.runWorker(ThreadPoolExecutor.java:1142)
	at java.util.concurrent.ThreadPoolExecutor$Worker.run(ThreadPoolExecutor.java:617)
	at java.lang.Thread.run(Thread.java:748)